#
# A fatal error has been detected by the Java Runtime Environment:
#
#  EXCEPTION_ACCESS_VIOLATION (0xc0000005) at pc=0x000000005a1960ec, pid=10924, tid=0x00000000000002cc
#
# JRE version: Java(TM) SE Runtime Environment (8.0_121-b13) (build 1.8.0_121-b13)
# Java VM: Java HotSpot(TM) 64-Bit Server VM (25.121-b13 mixed mode windows-amd64 compressed oops)
# Problematic frame:
# V  [jvm.dll+0xf60ec]
#
# Failed to write core dump. Minidumps are not enabled by default on client versions of Windows
#
# If you would like to submit a bug report, please visit:
#   http://bugreport.java.com/bugreport/crash.jsp
#

---------------  T H R E A D  ---------------

Current thread (0x0000000017b99800):  VMThread [stack: 0x0000000019870000,0x0000000019970000] [id=716]

siginfo: ExceptionCode=0xc0000005, reading address 0x000000000026007e

Registers:
RAX=0x000000000026006e, RBX=0x0000000002b52d40, RCX=0x0000000000000091, RDX=0x000000000000006d
RSP=0x000000001996f078, RBP=0x000000001996f180, RSI=0x00000000000000bb, RDI=0x000000000000006d
R8 =0x0000000017a25da0, R9 =0x0000000000000003, R10=0x0000000000000003, R11=0x000000001e19efc3
R12=0x000000001996f210, R13=0x000000001996f200, R14=0x0000000000000000, R15=0x0000000000000018
RIP=0x000000005a1960ec, EFLAGS=0x0000000000010202

Top of Stack: (sp=0x000000001996f078)
0x000000001996f078:   000000005a274296 000000000026006e
0x000000001996f088:   000000000000006d 00000000000000bb
0x000000001996f098:   0000000000000036 0000000000000000
0x000000001996f0a8:   000000001afab070 00000000034e1168
0x000000001996f0b8:   00000000034e10f4 000074953f39c226
0x000000001996f0c8:   00000000034e0fd0 0000000002c463e0
0x000000001996f0d8:   000000001afac5c0 0000000000000000
0x000000001996f0e8:   000000005a130f8b 00000000034e1120
0x000000001996f0f8:   0000000000000000 0000000000000000
0x000000001996f108:   00000000034e1120 000074953f39dd56
0x000000001996f118:   000000005a13130a 0000000002c463e0
0x000000001996f128:   000000005a133805 000000001afac5c0
0x000000001996f138:   000000001e19bcb8 0000000017b99800
0x000000001996f148:   000000001e19eb00 0000000017b99800
0x000000001996f158:   000000001e19eaab 00000000000000e6
0x000000001996f168:   000000001e19eb00 0000000017b99800 

Instructions: (pc=0x000000005a1960ec)
0x000000005a1960cc:   5f c3 cc cc 48 63 c2 48 8b 44 c1 50 48 89 44 24
0x000000005a1960dc:   08 48 8b 44 24 08 0f b6 c8 f6 d1 f6 c1 01 74 05
0x000000005a1960ec:   48 8b 40 10 c3 48 83 e0 fe c3 cc cc cc cc cc cc
0x000000005a1960fc:   cc cc cc cc 48 89 54 24 10 49 63 c0 48 8b 44 c1 


Register to memory mapping:

RAX=0x000000000026006e is an unknown value
RBX=0x0000000002b52d40 is an unknown value
RCX=0x0000000000000091 is an unknown value
RDX=0x000000000000006d is an unknown value
RSP=0x000000001996f078 is an unknown value
RBP=0x000000001996f180 is an unknown value
RSI=0x00000000000000bb is an unknown value
RDI=0x000000000000006d is an unknown value
R8 =0x0000000017a25da0 is an unknown value
R9 =0x0000000000000003 is an unknown value
R10=0x0000000000000003 is an unknown value
R11=0x000000001e19efc3 is pointing into metadata
R12=0x000000001996f210 is an unknown value
R13=0x000000001996f200 is an unknown value
R14=0x0000000000000000 is an unknown value
R15=0x0000000000000018 is an unknown value


Stack: [0x0000000019870000,0x0000000019970000],  sp=0x000000001996f078,  free space=1020k
Native frames: (J=compiled Java code, j=interpreted, Vv=VM code, C=native code)
V  [jvm.dll+0xf60ec]

VM_Operation (0x000000001a6cf390): RedefineClasses, mode: safepoint, requested by thread 0x0000000019aa8800


---------------  P R O C E S S  ---------------

Java Threads: ( => current thread )
  0x000000001caa9000 JavaThread "DestroyJavaVM" [_thread_blocked, id=15500, stack(0x00000000029f0000,0x0000000002af0000)]
  0x000000001caab800 JavaThread "http-nio-8080-AsyncTimeout" daemon [_thread_blocked, id=6388, stack(0x00000000215d0000,0x00000000216d0000)]
  0x000000001caad000 JavaThread "http-nio-8080-Acceptor-0" daemon [_thread_in_native, id=17536, stack(0x00000000214d0000,0x00000000215d0000)]
  0x000000001caae800 JavaThread "http-nio-8080-ClientPoller-1" daemon [_thread_blocked, id=11776, stack(0x00000000213d0000,0x00000000214d0000)]
  0x000000001caaa800 JavaThread "http-nio-8080-ClientPoller-0" daemon [_thread_blocked, id=388, stack(0x00000000212d0000,0x00000000213d0000)]
  0x000000001caaa000 JavaThread "http-nio-8080-exec-10" daemon [_thread_blocked, id=17028, stack(0x00000000211d0000,0x00000000212d0000)]
  0x000000001caa8000 JavaThread "http-nio-8080-exec-9" daemon [_thread_blocked, id=2748, stack(0x00000000210d0000,0x00000000211d0000)]
  0x000000001d2d6000 JavaThread "http-nio-8080-exec-8" daemon [_thread_blocked, id=15568, stack(0x0000000020fd0000,0x00000000210d0000)]
  0x000000001d2d5800 JavaThread "http-nio-8080-exec-7" daemon [_thread_blocked, id=17852, stack(0x0000000020ed0000,0x0000000020fd0000)]
  0x000000001d2dc000 JavaThread "http-nio-8080-exec-6" daemon [_thread_blocked, id=15512, stack(0x0000000020dd0000,0x0000000020ed0000)]
  0x000000001d2db800 JavaThread "http-nio-8080-exec-5" daemon [_thread_blocked, id=8164, stack(0x0000000020cd0000,0x0000000020dd0000)]
  0x000000001d2da800 JavaThread "http-nio-8080-exec-4" daemon [_thread_blocked, id=13368, stack(0x0000000020bd0000,0x0000000020cd0000)]
  0x000000001d2d9000 JavaThread "http-nio-8080-exec-3" daemon [_thread_blocked, id=15572, stack(0x0000000020ad0000,0x0000000020bd0000)]
  0x000000001d2d8800 JavaThread "http-nio-8080-exec-2" daemon [_thread_blocked, id=14772, stack(0x00000000209d0000,0x0000000020ad0000)]
  0x000000001d2da000 JavaThread "http-nio-8080-exec-1" daemon [_thread_blocked, id=12856, stack(0x00000000208d0000,0x00000000209d0000)]
  0x000000001d2d7800 JavaThread "NioBlockingSelector.BlockPoller-1" daemon [_thread_in_native, id=13772, stack(0x00000000207d0000,0x00000000208d0000)]
  0x000000001d122000 JavaThread "HikariPool-1 housekeeper" daemon [_thread_blocked, id=15416, stack(0x000000001ea00000,0x000000001eb00000)]
  0x000000001d0ed000 JavaThread "Abandoned connection cleanup thread" daemon [_thread_blocked, id=17448, stack(0x000000001e600000,0x000000001e700000)]
  0x000000001d0c9800 JavaThread "container-0" [_thread_blocked, id=4760, stack(0x000000001e300000,0x000000001e400000)]
  0x000000001d0c7000 JavaThread "ContainerBackgroundProcessor[StandardEngine[Tomcat]]" daemon [_thread_blocked, id=18064, stack(0x000000001e200000,0x000000001e300000)]
  0x000000001b03b000 JavaThread "RMI TCP Accept-0" daemon [_thread_in_native, id=13696, stack(0x000000001b7d0000,0x000000001b8d0000)]
  0x000000001b02c000 JavaThread "RMI TCP Accept-61239" daemon [_thread_in_native, id=4804, stack(0x000000001b6d0000,0x000000001b7d0000)]
  0x000000001b011000 JavaThread "RMI TCP Accept-0" daemon [_thread_in_native, id=12924, stack(0x000000001b5d0000,0x000000001b6d0000)]
  0x0000000019b4e800 JavaThread "Service Thread" daemon [_thread_blocked, id=2744, stack(0x000000001acd0000,0x000000001add0000)]
  0x0000000019ad3000 JavaThread "C1 CompilerThread3" daemon [_thread_blocked, id=128, stack(0x000000001abd0000,0x000000001acd0000)]
  0x0000000019ad2800 JavaThread "C2 CompilerThread2" daemon [_thread_blocked, id=14044, stack(0x000000001aad0000,0x000000001abd0000)]
  0x0000000019ad0800 JavaThread "C2 CompilerThread1" daemon [_thread_blocked, id=16116, stack(0x000000001a9d0000,0x000000001aad0000)]
  0x0000000019ac5000 JavaThread "C2 CompilerThread0" daemon [_thread_blocked, id=12292, stack(0x000000001a8d0000,0x000000001a9d0000)]
  0x0000000019aba000 JavaThread "JDWP Command Reader" daemon [_thread_in_native, id=10708, stack(0x000000001a7d0000,0x000000001a8d0000)]
  0x0000000019ab2800 JavaThread "JDWP Event Helper Thread" daemon [_thread_blocked, id=17780, stack(0x000000001a6d0000,0x000000001a7d0000)]
  0x0000000019aa8800 JavaThread "JDWP Transport Listener: dt_socket" daemon [_thread_blocked, id=14868, stack(0x000000001a5d0000,0x000000001a6d0000)]
  0x0000000019a9e800 JavaThread "Attach Listener" daemon [_thread_blocked, id=16156, stack(0x000000001a190000,0x000000001a290000)]
  0x0000000019a9d800 JavaThread "Signal Dispatcher" daemon [_thread_blocked, id=18384, stack(0x000000001a090000,0x000000001a190000)]
  0x0000000019a90800 JavaThread "Finalizer" daemon [_thread_blocked, id=18032, stack(0x0000000019e70000,0x0000000019f70000)]
  0x0000000017b9d800 JavaThread "Reference Handler" daemon [_thread_blocked, id=5952, stack(0x0000000019970000,0x0000000019a70000)]

Other Threads:
=>0x0000000017b99800 VMThread [stack: 0x0000000019870000,0x0000000019970000] [id=716]
  0x000000001b047800 WatcherThread [stack: 0x000000001ba30000,0x000000001bb30000] [id=6744]

VM state:at safepoint (normal execution)

VM Mutex/Monitor currently owned by a thread:  ([mutex/lock_event])
[0x0000000002b02150] Threads_lock - owner thread: 0x0000000017b99800

Heap:
 PSYoungGen      total 210944K, used 121434K [0x00000000d5f80000, 0x00000000e7180000, 0x0000000100000000)
  eden space 196096K, 54% used [0x00000000d5f80000,0x00000000dc7f84f8,0x00000000e1f00000)
  from space 14848K, 97% used [0x00000000e6300000,0x00000000e711e588,0x00000000e7180000)
  to   space 17920K, 0% used [0x00000000e4e80000,0x00000000e4e80000,0x00000000e6000000)
 ParOldGen       total 79360K, used 23571K [0x0000000081e00000, 0x0000000086b80000, 0x00000000d5f80000)
  object space 79360K, 29% used [0x0000000081e00000,0x0000000083504d70,0x0000000086b80000)
 Metaspace       used 49616K, capacity 51984K, committed 52096K, reserved 1093632K
  class space    used 6786K, capacity 7208K, committed 7296K, reserved 1048576K

Card table byte_map: [0x0000000011fc0000,0x00000000123c0000] byte_map_base: 0x0000000011bb1000

Marking Bits: (ParMarkBitMap*) 0x000000005a8bb6d0
 Begin Bits: [0x0000000012e70000, 0x0000000014df8000)
 End Bits:   [0x0000000014df8000, 0x0000000016d80000)

Polling page: 0x00000000010c0000

CodeCache: size=245760Kb used=9089Kb max_used=9089Kb free=236670Kb
 bounds [0x0000000002c00000, 0x00000000034f0000, 0x0000000011c00000]
 total_blobs=4759 nmethods=4216 adapters=462
 compilation: enabled

Compilation events (10 events):
Event: 206.776 Thread 0x0000000019ad3000 4240       1       sun.misc.Unsafe::getAndSetLong (24 bytes)
Event: 206.776 Thread 0x0000000019ad3000 nmethod 4240 0x00000000034dff10 code [0x00000000034e0060, 0x00000000034e01b0]
Event: 206.776 Thread 0x0000000019ad3000 4241       1       org.apache.tomcat.util.net.NioEndpoint::access$300 (5 bytes)
Event: 206.776 Thread 0x0000000019ad3000 nmethod 4241 0x00000000034e0250 code [0x00000000034e03a0, 0x00000000034e0490]
Event: 267.026 Thread 0x0000000019ad3000 4243       1       org.apache.tomcat.util.net.NioBlockingSelector$BlockPoller::events (54 bytes)
Event: 267.026 Thread 0x0000000019ad3000 nmethod 4243 0x00000000034e0890 code [0x00000000034e0a20, 0x00000000034e0e18]
Event: 270.720 Thread 0x0000000019ad3000 4244       1       java.util.Collections$SetFromMap::iterator (10 bytes)
Event: 270.720 Thread 0x0000000019ad3000 nmethod 4244 0x00000000034e0fd0 code [0x00000000034e1120, 0x00000000034e1268]
Event: 343.156 Thread 0x0000000019ad3000 4245       1       org.apache.catalina.webresources.CachedResource::getNextCheck (5 bytes)
Event: 343.156 Thread 0x0000000019ad3000 nmethod 4245 0x00000000034e12d0 code [0x00000000034e1420, 0x00000000034e1530]

GC Heap History (10 events):
Event: 12.295 GC heap before
{Heap before GC invocations=6 (full 1):
 PSYoungGen      total 71680K, used 66560K [0x00000000d5f80000, 0x00000000daa80000, 0x0000000100000000)
  eden space 66560K, 100% used [0x00000000d5f80000,0x00000000da080000,0x00000000da080000)
  from space 5120K, 0% used [0x00000000da580000,0x00000000da580000,0x00000000daa80000)
  to   space 5120K, 0% used [0x00000000da080000,0x00000000da080000,0x00000000da580000)
 ParOldGen       total 44032K, used 5936K [0x0000000081e00000, 0x0000000084900000, 0x00000000d5f80000)
  object space 44032K, 13% used [0x0000000081e00000,0x00000000823cc030,0x0000000084900000)
 Metaspace       used 23011K, capacity 23896K, committed 24192K, reserved 1071104K
  class space    used 3114K, capacity 3334K, committed 3456K, reserved 1048576K
Event: 12.301 GC heap after
Heap after GC invocations=6 (full 1):
 PSYoungGen      total 71680K, used 5099K [0x00000000d5f80000, 0x00000000df100000, 0x0000000100000000)
  eden space 66560K, 0% used [0x00000000d5f80000,0x00000000d5f80000,0x00000000da080000)
  from space 5120K, 99% used [0x00000000da080000,0x00000000da57ac58,0x00000000da580000)
  to   space 9216K, 0% used [0x00000000de800000,0x00000000de800000,0x00000000df100000)
 ParOldGen       total 44032K, used 8941K [0x0000000081e00000, 0x0000000084900000, 0x00000000d5f80000)
  object space 44032K, 20% used [0x0000000081e00000,0x00000000826bb4b8,0x0000000084900000)
 Metaspace       used 23011K, capacity 23896K, committed 24192K, reserved 1071104K
  class space    used 3114K, capacity 3334K, committed 3456K, reserved 1048576K
}
Event: 12.748 GC heap before
{Heap before GC invocations=7 (full 1):
 PSYoungGen      total 71680K, used 71659K [0x00000000d5f80000, 0x00000000df100000, 0x0000000100000000)
  eden space 66560K, 100% used [0x00000000d5f80000,0x00000000da080000,0x00000000da080000)
  from space 5120K, 99% used [0x00000000da080000,0x00000000da57ac58,0x00000000da580000)
  to   space 9216K, 0% used [0x00000000de800000,0x00000000de800000,0x00000000df100000)
 ParOldGen       total 44032K, used 8941K [0x0000000081e00000, 0x0000000084900000, 0x00000000d5f80000)
  object space 44032K, 20% used [0x0000000081e00000,0x00000000826bb4b8,0x0000000084900000)
 Metaspace       used 26543K, capacity 27664K, committed 27776K, reserved 1073152K
  class space    used 3642K, capacity 3906K, committed 3968K, reserved 1048576K
Event: 12.756 GC heap after
Heap after GC invocations=7 (full 1):
 PSYoungGen      total 137728K, used 9192K [0x00000000d5f80000, 0x00000000df480000, 0x0000000100000000)
  eden space 128512K, 0% used [0x00000000d5f80000,0x00000000d5f80000,0x00000000ddd00000)
  from space 9216K, 99% used [0x00000000de800000,0x00000000df0fa1c8,0x00000000df100000)
  to   space 11264K, 0% used [0x00000000ddd00000,0x00000000ddd00000,0x00000000de800000)
 ParOldGen       total 44032K, used 10843K [0x0000000081e00000, 0x0000000084900000, 0x00000000d5f80000)
  object space 44032K, 24% used [0x0000000081e00000,0x0000000082896d80,0x0000000084900000)
 Metaspace       used 26543K, capacity 27664K, committed 27776K, reserved 1073152K
  class space    used 3642K, capacity 3906K, committed 3968K, reserved 1048576K
}
Event: 13.562 GC heap before
{Heap before GC invocations=8 (full 1):
 PSYoungGen      total 137728K, used 125554K [0x00000000d5f80000, 0x00000000df480000, 0x0000000100000000)
  eden space 128512K, 90% used [0x00000000d5f80000,0x00000000dd122708,0x00000000ddd00000)
  from space 9216K, 99% used [0x00000000de800000,0x00000000df0fa1c8,0x00000000df100000)
  to   space 11264K, 0% used [0x00000000ddd00000,0x00000000ddd00000,0x00000000de800000)
 ParOldGen       total 44032K, used 10843K [0x0000000081e00000, 0x0000000084900000, 0x00000000d5f80000)
  object space 44032K, 24% used [0x0000000081e00000,0x0000000082896d80,0x0000000084900000)
 Metaspace       used 33980K, capacity 35430K, committed 35496K, reserved 1079296K
  class space    used 4556K, capacity 4831K, committed 4864K, reserved 1048576K
Event: 13.575 GC heap after
Heap after GC invocations=8 (full 1):
 PSYoungGen      total 139776K, used 11243K [0x00000000d5f80000, 0x00000000e7300000, 0x0000000100000000)
  eden space 128512K, 0% used [0x00000000d5f80000,0x00000000d5f80000,0x00000000ddd00000)
  from space 11264K, 99% used [0x00000000ddd00000,0x00000000de7fad78,0x00000000de800000)
  to   space 16384K, 0% used [0x00000000e6300000,0x00000000e6300000,0x00000000e7300000)
 ParOldGen       total 44032K, used 17896K [0x0000000081e00000, 0x0000000084900000, 0x00000000d5f80000)
  object space 44032K, 40% used [0x0000000081e00000,0x0000000082f7a0c8,0x0000000084900000)
 Metaspace       used 33980K, capacity 35430K, committed 35496K, reserved 1079296K
  class space    used 4556K, capacity 4831K, committed 4864K, reserved 1048576K
}
Event: 13.575 GC heap before
{Heap before GC invocations=9 (full 2):
 PSYoungGen      total 139776K, used 11243K [0x00000000d5f80000, 0x00000000e7300000, 0x0000000100000000)
  eden space 128512K, 0% used [0x00000000d5f80000,0x00000000d5f80000,0x00000000ddd00000)
  from space 11264K, 99% used [0x00000000ddd00000,0x00000000de7fad78,0x00000000de800000)
  to   space 16384K, 0% used [0x00000000e6300000,0x00000000e6300000,0x00000000e7300000)
 ParOldGen       total 44032K, used 17896K [0x0000000081e00000, 0x0000000084900000, 0x00000000d5f80000)
  object space 44032K, 40% used [0x0000000081e00000,0x0000000082f7a0c8,0x0000000084900000)
 Metaspace       used 33980K, capacity 35430K, committed 35496K, reserved 1079296K
  class space    used 4556K, capacity 4831K, committed 4864K, reserved 1048576K
Event: 13.637 GC heap after
Heap after GC invocations=9 (full 2):
 PSYoungGen      total 139776K, used 0K [0x00000000d5f80000, 0x00000000e7300000, 0x0000000100000000)
  eden space 128512K, 0% used [0x00000000d5f80000,0x00000000d5f80000,0x00000000ddd00000)
  from space 11264K, 0% used [0x00000000ddd00000,0x00000000ddd00000,0x00000000de800000)
  to   space 16384K, 0% used [0x00000000e6300000,0x00000000e6300000,0x00000000e7300000)
 ParOldGen       total 79360K, used 23563K [0x0000000081e00000, 0x0000000086b80000, 0x00000000d5f80000)
  object space 79360K, 29% used [0x0000000081e00000,0x0000000083502d70,0x0000000086b80000)
 Metaspace       used 33980K, capacity 35430K, committed 35496K, reserved 1079296K
  class space    used 4556K, capacity 4831K, committed 4864K, reserved 1048576K
}
Event: 16.189 GC heap before
{Heap before GC invocations=10 (full 2):
 PSYoungGen      total 139776K, used 128512K [0x00000000d5f80000, 0x00000000e7300000, 0x0000000100000000)
  eden space 128512K, 100% used [0x00000000d5f80000,0x00000000ddd00000,0x00000000ddd00000)
  from space 11264K, 0% used [0x00000000ddd00000,0x00000000ddd00000,0x00000000de800000)
  to   space 16384K, 0% used [0x00000000e6300000,0x00000000e6300000,0x00000000e7300000)
 ParOldGen       total 79360K, used 23563K [0x0000000081e00000, 0x0000000086b80000, 0x00000000d5f80000)
  object space 79360K, 29% used [0x0000000081e00000,0x0000000083502d70,0x0000000086b80000)
 Metaspace       used 44913K, capacity 46990K, committed 47232K, reserved 1089536K
  class space    used 6136K, capacity 6521K, committed 6528K, reserved 1048576K
Event: 16.201 GC heap after
Heap after GC invocations=10 (full 2):
 PSYoungGen      total 210944K, used 14457K [0x00000000d5f80000, 0x00000000e7180000, 0x0000000100000000)
  eden space 196096K, 0% used [0x00000000d5f80000,0x00000000d5f80000,0x00000000e1f00000)
  from space 14848K, 97% used [0x00000000e6300000,0x00000000e711e588,0x00000000e7180000)
  to   space 17920K, 0% used [0x00000000e4e80000,0x00000000e4e80000,0x00000000e6000000)
 ParOldGen       total 79360K, used 23571K [0x0000000081e00000, 0x0000000086b80000, 0x00000000d5f80000)
  object space 79360K, 29% used [0x0000000081e00000,0x0000000083504d70,0x0000000086b80000)
 Metaspace       used 44913K, capacity 46990K, committed 47232K, reserved 1089536K
  class space    used 6136K, capacity 6521K, committed 6528K, reserved 1048576K
}

Deoptimization events (0 events):
No events

Internal exceptions (10 events):
Event: 30.888 Thread 0x000000001d2da000 Exception <a 'java/lang/reflect/InvocationTargetException'> (0x00000000dbdc8ab0) thrown at [C:\re\workspace\8-2-build-windows-amd64-cygwin\jdk8u121\8372\hotspot\src\share\vm\runtime\reflection.cpp, line 1092]
Event: 30.893 Thread 0x000000001d2da000 Exception <a 'java/lang/reflect/InvocationTargetException'> (0x00000000dbe2eb68) thrown at [C:\re\workspace\8-2-build-windows-amd64-cygwin\jdk8u121\8372\hotspot\src\share\vm\runtime\reflection.cpp, line 1092]
Event: 30.915 Thread 0x000000001d2da000 Exception <a 'java/lang/ArrayIndexOutOfBoundsException'> (0x00000000dc0e9ad0) thrown at [C:\re\workspace\8-2-build-windows-amd64-cygwin\jdk8u121\8372\hotspot\src\share\vm\runtime\sharedRuntime.cpp, line 605]
Event: 30.915 Thread 0x000000001d2da000 Exception <a 'java/lang/ArrayIndexOutOfBoundsException'> (0x00000000dc0eb958) thrown at [C:\re\workspace\8-2-build-windows-amd64-cygwin\jdk8u121\8372\hotspot\src\share\vm\runtime\sharedRuntime.cpp, line 605]
Event: 30.915 Thread 0x000000001d2da000 Exception <a 'java/lang/ArrayIndexOutOfBoundsException'> (0x00000000dc0f6118) thrown at [C:\re\workspace\8-2-build-windows-amd64-cygwin\jdk8u121\8372\hotspot\src\share\vm\runtime\sharedRuntime.cpp, line 605]
Event: 30.915 Thread 0x000000001d2da000 Exception <a 'java/lang/ArrayIndexOutOfBoundsException'> (0x00000000dc0f7e68) thrown at [C:\re\workspace\8-2-build-windows-amd64-cygwin\jdk8u121\8372\hotspot\src\share\vm\runtime\sharedRuntime.cpp, line 605]
Event: 30.915 Thread 0x000000001d2da000 Exception <a 'java/lang/ArrayIndexOutOfBoundsException'> (0x00000000dc101990) thrown at [C:\re\workspace\8-2-build-windows-amd64-cygwin\jdk8u121\8372\hotspot\src\share\vm\runtime\sharedRuntime.cpp, line 605]
Event: 30.926 Thread 0x000000001d2da000 Exception <a 'java/lang/ArrayIndexOutOfBoundsException'> (0x00000000dc23ba48) thrown at [C:\re\workspace\8-2-build-windows-amd64-cygwin\jdk8u121\8372\hotspot\src\share\vm\runtime\sharedRuntime.cpp, line 605]
Event: 30.928 Thread 0x000000001d2da000 Exception <a 'java/lang/ArrayIndexOutOfBoundsException'> (0x00000000dc252fd0) thrown at [C:\re\workspace\8-2-build-windows-amd64-cygwin\jdk8u121\8372\hotspot\src\share\vm\runtime\sharedRuntime.cpp, line 605]
Event: 30.929 Thread 0x000000001d2da000 Exception <a 'java/lang/ArrayIndexOutOfBoundsException'> (0x00000000dc26ad60) thrown at [C:\re\workspace\8-2-build-windows-amd64-cygwin\jdk8u121\8372\hotspot\src\share\vm\runtime\sharedRuntime.cpp, line 605]

Events (10 events):
Event: 193.153 loading class org/apache/catalina/Session done
Event: 193.153 Thread 0x000000001d0c7000 DEOPT PACKING pc=0x0000000002def649 sp=0x000000001e2fde70
Event: 193.153 Thread 0x000000001d0c7000 DEOPT UNPACKING pc=0x0000000002c4787f sp=0x000000001e2fdbc0 mode 1
Event: 193.153 Thread 0x000000001d0c7000 DEOPT PACKING pc=0x00000000034cf234 sp=0x000000001e2fdef0
Event: 193.153 Thread 0x000000001d0c7000 DEOPT UNPACKING pc=0x0000000002c4787f sp=0x000000001e2fdd10 mode 1
Event: 193.153 Thread 0x000000001d0c7000 DEOPT PACKING pc=0x00000000034cf17c sp=0x000000001e2fe080
Event: 193.153 Thread 0x000000001d0c7000 DEOPT UNPACKING pc=0x0000000002c4787f sp=0x000000001e2fdea0 mode 1
Event: 197.547 Executing VM operation: RedefineClasses
Event: 197.569 Executing VM operation: RedefineClasses done
Event: 360.703 Executing VM operation: RedefineClasses


Dynamic libraries:
0x00007ff697320000 - 0x00007ff697357000 	C:\Program Files\Java\jre1.8.0_121\bin\javaw.exe
0x00007ffbc74d0000 - 0x00007ffbc76b1000 	C:\WINDOWS\SYSTEM32\ntdll.dll
0x00007ffbaa1b0000 - 0x00007ffbaa1c4000 	C:\Program Files\AVAST Software\Avast\x64\aswhooka.dll
0x00007ffbc7200000 - 0x00007ffbc72b2000 	C:\WINDOWS\System32\KERNEL32.DLL
0x00007ffbc4050000 - 0x00007ffbc42c3000 	C:\WINDOWS\System32\KERNELBASE.dll
0x00007ffbc4960000 - 0x00007ffbc4a01000 	C:\WINDOWS\System32\ADVAPI32.dll
0x00007ffbc6620000 - 0x00007ffbc66be000 	C:\WINDOWS\System32\msvcrt.dll
0x00007ffbc5fd0000 - 0x00007ffbc602b000 	C:\WINDOWS\System32\sechost.dll
0x00007ffbc7360000 - 0x00007ffbc7484000 	C:\WINDOWS\System32\RPCRT4.dll
0x00007ffbc6e10000 - 0x00007ffbc6fa0000 	C:\WINDOWS\System32\USER32.dll
0x00007ffbc44c0000 - 0x00007ffbc44e0000 	C:\WINDOWS\System32\win32u.dll
0x00007ffbc4a10000 - 0x00007ffbc4a38000 	C:\WINDOWS\System32\GDI32.dll
0x00007ffbc45e0000 - 0x00007ffbc4772000 	C:\WINDOWS\System32\gdi32full.dll
0x00007ffbc3fb0000 - 0x00007ffbc404f000 	C:\WINDOWS\System32\msvcp_win.dll
0x00007ffbc44e0000 - 0x00007ffbc45da000 	C:\WINDOWS\System32\ucrtbase.dll
0x00007ffbb5830000 - 0x00007ffbb5a99000 	C:\WINDOWS\WinSxS\amd64_microsoft.windows.common-controls_6595b64144ccf1df_6.0.17134.345_none_fb429a5930656358\COMCTL32.dll
0x00007ffbc66e0000 - 0x00007ffbc6a03000 	C:\WINDOWS\System32\combase.dll
0x00007ffbc48e0000 - 0x00007ffbc495a000 	C:\WINDOWS\System32\bcryptPrimitives.dll
0x00007ffbc6c50000 - 0x00007ffbc6c7d000 	C:\WINDOWS\System32\IMM32.DLL
0x000000005bfe0000 - 0x000000005c0b2000 	C:\Program Files\Java\jre1.8.0_121\bin\msvcr100.dll
0x000000005a0a0000 - 0x000000005a93b000 	C:\Program Files\Java\jre1.8.0_121\bin\server\jvm.dll
0x00007ffbc7120000 - 0x00007ffbc7128000 	C:\WINDOWS\System32\PSAPI.DLL
0x00007ffbb2ce0000 - 0x00007ffbb2ce9000 	C:\WINDOWS\SYSTEM32\WSOCK32.dll
0x00007ffbc7050000 - 0x00007ffbc70bc000 	C:\WINDOWS\System32\WS2_32.dll
0x00007ffbc1650000 - 0x00007ffbc1673000 	C:\WINDOWS\SYSTEM32\WINMM.dll
0x00007ffbb2dd0000 - 0x00007ffbb2dda000 	C:\WINDOWS\SYSTEM32\VERSION.dll
0x00007ffbc1620000 - 0x00007ffbc164a000 	C:\WINDOWS\SYSTEM32\WINMMBASE.dll
0x00007ffbc4780000 - 0x00007ffbc47c9000 	C:\WINDOWS\System32\cfgmgr32.dll
0x000000005a090000 - 0x000000005a09f000 	C:\Program Files\Java\jre1.8.0_121\bin\verify.dll
0x000000005a060000 - 0x000000005a089000 	C:\Program Files\Java\jre1.8.0_121\bin\java.dll
0x000000005bfa0000 - 0x000000005bfd5000 	C:\Program Files\Java\jre1.8.0_121\bin\jdwp.dll
0x000000005bf90000 - 0x000000005bf98000 	C:\Program Files\Java\jre1.8.0_121\bin\npt.dll
0x000000005a040000 - 0x000000005a056000 	C:\Program Files\Java\jre1.8.0_121\bin\zip.dll
0x00007ffbc4b90000 - 0x00007ffbc5fcf000 	C:\WINDOWS\System32\SHELL32.dll
0x00007ffbc6fa0000 - 0x00007ffbc7049000 	C:\WINDOWS\System32\shcore.dll
0x00007ffbc38a0000 - 0x00007ffbc3fad000 	C:\WINDOWS\System32\windows.storage.dll
0x00007ffbc70c0000 - 0x00007ffbc7111000 	C:\WINDOWS\System32\shlwapi.dll
0x00007ffbc3830000 - 0x00007ffbc3841000 	C:\WINDOWS\System32\kernel.appcore.dll
0x00007ffbc37e0000 - 0x00007ffbc37ff000 	C:\WINDOWS\System32\profapi.dll
0x00007ffbc3850000 - 0x00007ffbc389c000 	C:\WINDOWS\System32\powrprof.dll
0x00007ffbc3800000 - 0x00007ffbc380a000 	C:\WINDOWS\System32\FLTLIB.DLL
0x000000005bf80000 - 0x000000005bf89000 	C:\Program Files\Java\jre1.8.0_121\bin\dt_socket.dll
0x00007ffbb22c0000 - 0x00007ffbb22d6000 	C:\WINDOWS\system32\napinsp.dll
0x00007ffbb22a0000 - 0x00007ffbb22ba000 	C:\WINDOWS\system32\pnrpnsp.dll
0x00007ffbc11d0000 - 0x00007ffbc11e9000 	C:\WINDOWS\system32\NLAapi.dll
0x00007ffbc3060000 - 0x00007ffbc30c6000 	C:\WINDOWS\System32\mswsock.dll
0x00007ffbc2e30000 - 0x00007ffbc2eee000 	C:\WINDOWS\SYSTEM32\DNSAPI.dll
0x00007ffbc6e00000 - 0x00007ffbc6e08000 	C:\WINDOWS\System32\NSI.dll
0x00007ffbc2de0000 - 0x00007ffbc2e18000 	C:\WINDOWS\SYSTEM32\IPHLPAPI.DLL
0x00007ffbb2270000 - 0x00007ffbb227e000 	C:\WINDOWS\System32\winrnr.dll
0x00007ffbb9220000 - 0x00007ffbb9292000 	C:\WINDOWS\System32\fwpuclnt.dll
0x00007ffbc3340000 - 0x00007ffbc3365000 	C:\WINDOWS\SYSTEM32\bcrypt.dll
0x00007ffbba8c0000 - 0x00007ffbba8ca000 	C:\Windows\System32\rasadhlp.dll
0x0000000059fb0000 - 0x0000000059fbd000 	C:\Program Files\Java\jre1.8.0_121\bin\management.dll
0x000000005a020000 - 0x000000005a03a000 	C:\Program Files\Java\jre1.8.0_121\bin\net.dll
0x000000005a000000 - 0x000000005a011000 	C:\Program Files\Java\jre1.8.0_121\bin\nio.dll
0x00007ffbc3210000 - 0x00007ffbc3227000 	C:\WINDOWS\SYSTEM32\CRYPTSP.dll
0x00007ffbc2c40000 - 0x00007ffbc2c73000 	C:\WINDOWS\system32\rsaenh.dll
0x00007ffbc3710000 - 0x00007ffbc3738000 	C:\WINDOWS\SYSTEM32\USERENV.dll
0x00007ffbc3230000 - 0x00007ffbc323b000 	C:\WINDOWS\SYSTEM32\CRYPTBASE.dll
0x00007ffbbd0b0000 - 0x00007ffbbd0c6000 	C:\WINDOWS\SYSTEM32\dhcpcsvc6.DLL
0x00007ffbbc130000 - 0x00007ffbbc14a000 	C:\WINDOWS\SYSTEM32\dhcpcsvc.DLL
0x00007ffbb23d0000 - 0x00007ffbb2599000 	C:\WINDOWS\SYSTEM32\dbghelp.dll

VM Arguments:
jvm_args: -agentlib:jdwp=transport=dt_socket,suspend=y,address=localhost:61240 -Dcom.sun.management.jmxremote -Dcom.sun.management.jmxremote.port=61239 -Dcom.sun.management.jmxremote.authenticate=false -Dcom.sun.management.jmxremote.ssl=false -Djava.rmi.server.hostname=localhost -Dspring.liveBeansView.mbeanDomain -Dspring.application.admin.enabled=true -Xverify:none -XX:TieredStopAtLevel=1 -Dfile.encoding=UTF-8 
java_command: com.javasampleapproach.springrest.mysql.SpringRestMySqlApplication --spring.output.ansi.enabled=always
java_class_path (initial): C:\Users\Edwar\Documents\Prueba IAS\Base\SpringRestMySQL-Server\SpringRestMySQL\target\classes;C:\Users\Edwar\.m2\repository\org\springframework\boot\spring-boot-starter-data-jpa\2.0.3.RELEASE\spring-boot-starter-data-jpa-2.0.3.RELEASE.jar;C:\Users\Edwar\.m2\repository\org\springframework\boot\spring-boot-starter\2.0.3.RELEASE\spring-boot-starter-2.0.3.RELEASE.jar;C:\Users\Edwar\.m2\repository\org\springframework\boot\spring-boot\2.0.3.RELEASE\spring-boot-2.0.3.RELEASE.jar;C:\Users\Edwar\.m2\repository\org\springframework\boot\spring-boot-autoconfigure\2.0.3.RELEASE\spring-boot-autoconfigure-2.0.3.RELEASE.jar;C:\Users\Edwar\.m2\repository\org\springframework\boot\spring-boot-starter-logging\2.0.3.RELEASE\spring-boot-starter-logging-2.0.3.RELEASE.jar;C:\Users\Edwar\.m2\repository\ch\qos\logback\logback-classic\1.2.3\logback-classic-1.2.3.jar;C:\Users\Edwar\.m2\repository\ch\qos\logback\logback-core\1.2.3\logback-core-1.2.3.jar;C:\Users\Edwar\.m2\repository\org\apache\logging\log4j\log4j-to-slf4j\2.10.0\log4j-to-slf4j-2.10.0.jar;C:\Users\Edwar\.m2\repository\org\apache\logging\log4j\log4j-api\2.10.0\log4j-api-2.10.0.jar;C:\Users\Edwar\.m2\repository\org\slf4j\jul-to-slf4j\1.7.25\jul-to-slf4j-1.7.25.jar;C:\Users\Edwar\.m2\repository\javax\annotation\javax.annotation-api\1.3.2\javax.annotation-api-1.3.2.jar;C:\Users\Edwar\.m2\repository\org\yaml\snakeyaml\1.19\snakeyaml-1.19.jar;C:\Users\Edwar\.m2\repository\org\springframework\boot\spring-boot-starter-aop\2.0.3.RELEASE\spring-boot-starter-aop-2.0.3.RELEASE.jar;C:\Users\Edwar\.m2\repository\org\springframework\spring-aop\5.0.7.RELEASE\spring-aop-5.0.7.RELEASE.jar;C:\Users\Edwar\.m2\repository\org\aspectj\aspectjweaver\1.8.13\aspectjweaver-1.8.13.jar;C:\Users\Edwar\.m2\repository\org\springframework\boot\spring-boot-starter-jdbc\2.0.3.RELEASE\spring-boot-starter-jdbc-2.0.3.RELEASE.jar;C:\Users\Edwar\.m2\repository\com\zaxxer\HikariCP\2.7.9\HikariCP-2.7.9.jar;C:\Users\Edwar\.m2\repository\org\
Launcher Type: SUN_STANDARD

Environment Variables:
JAVA_HOME=C:\Program Files\Java\jdk1.7.0_79
PATH=C:/Program Files/Java/jre1.8.0_121/bin/server;C:/Program Files/Java/jre1.8.0_121/bin;C:/Program Files/Java/jre1.8.0_121/lib/amd64;C:\Program Files (x86)\Common Files\Oracle\Java\javapath;C:\Program Files\Microsoft MPI\Bin\;C:\oraclexe\app\oracle\product\11.2.0\server\bin;C:\ProgramData\Oracle\Java\javapath;C:\Program Files (x86)\Intel\iCLS Client\;C:\Program Files\Intel\iCLS Client\;C:\WINDOWS\system32;C:\WINDOWS;C:\WINDOWS\System32\Wbem;C:\WINDOWS\System32\WindowsPowerShell\v1.0\;C:\Program Files\Intel\Intel(R) Management Engine Components\DAL;C:\Program Files\Intel\Intel(R) Management Engine Components\IPT;C:\Program Files (x86)\Intel\Intel(R) Management Engine Components\DAL;C:\Program Files (x86)\Intel\Intel(R) Management Engine Components\IPT;C:\Program Files (x86)\QuickTime\QTSystem\;C:\Program Files\Git\cmd;C:\Program Files (x86)\Skype\Phone\;C:\Program Files\Java\jdk1.7.0_79\bin;C:\Program Files (x86)\Microsoft SQL Server\130\Tools\Binn\;C:\Program Files\Microsoft SQL Server\130\Tools\Binn\;C:\Program Files (x86)\Microsoft SQL Server\130\DTS\Binn\;C:\Program Files\Microsoft SQL Server\130\DTS\Binn\;C:\Program Files\Microsoft SQL Server\Client SDK\ODBC\130\Tools\Binn\;C:\Program Files\dotnet\;C:\WINDOWS\System32\OpenSSH\;C:\xampp\php;C:\ProgramData\ComposerSetup\bin;C:\HashiCorp\Vagrant\bin;C:\Program Files\nodejs\;C:\Users\Edwar\AppData\Local\Microsoft\WindowsApps;C:\Users\Edwar\AppData\Local\atom\bin;C:\Users\Edwar\AppData\Local\Microsoft\WindowsApps;C:\Users\Edwar\AppData\Local\GitHubDesktop\bin;C:\Users\Edwar\AppData\Roaming\Composer\vendor\bin;C:\Users\Edwar\AppData\Roaming\npm;C:\Users\Edwar\Downloads\sts-bundle\sts-3.9.6.RELEASE;
USERNAME=Edwar
OS=Windows_NT
PROCESSOR_IDENTIFIER=Intel64 Family 6 Model 60 Stepping 3, GenuineIntel



---------------  S Y S T E M  ---------------

OS: Windows 10.0 , 64 bit Build 17134 (10.0.17134.1)

CPU:total 8 (4 cores per cpu, 2 threads per core) family 6 model 60 stepping 3, cmov, cx8, fxsr, mmx, sse, sse2, sse3, ssse3, sse4.1, sse4.2, popcnt, avx, avx2, aes, clmul, erms, lzcnt, ht, tsc, tscinvbit, bmi1, bmi2

Memory: 4k page, physical 8257540k(1076068k free), swap 16163364k(3096404k free)

vm_info: Java HotSpot(TM) 64-Bit Server VM (25.121-b13) for windows-amd64 JRE (1.8.0_121-b13), built on Dec 12 2016 18:21:36 by "java_re" with MS VC++ 10.0 (VS2010)

time: Sun Nov 04 17:20:17 2018
elapsed time: 361 seconds (0d 0h 6m 1s)

